{
  "RSpec": {
    "coverage": {
      "/Users/hashimotohiroshi/Documents/program/bounenkai/app/controllers/event_steps_controller.rb": [
        1,
        1,
        1,
        1,
        null,
        1,
        0,
        null,
        null,
        1,
        0,
        0,
        0,
        0,
        0,
        null,
        null,
        0,
        null,
        null,
        null,
        1,
        null,
        1,
        0,
        null,
        null,
        null,
        1,
        null,
        0,
        null,
        null
      ],
      "/Users/hashimotohiroshi/Documents/program/bounenkai/app/controllers/application_controller.rb": [
        1,
        null,
        null,
        1,
        null
      ],
      "/Users/hashimotohiroshi/Documents/program/bounenkai/spec/controllers/events_controller_spec.rb": [
        1,
        null,
        null,
        null,
        null,
        null,
        null,
        null,
        null,
        null,
        null,
        null,
        null,
        null,
        null,
        null,
        null,
        null,
        null,
        null,
        1,
        null,
        null,
        null,
        null,
        8,
        4,
        null,
        null,
        null,
        null,
        9,
        null,
        1,
        1,
        1,
        1,
        1,
        null,
        null,
        null,
        1,
        1,
        1,
        null,
        1,
        null,
        null,
        null,
        1,
        1,
        1,
        1,
        1,
        null,
        null,
        null,
        1,
        1,
        1,
        1,
        1,
        null,
        null,
        null,
        1,
        1,
        1,
        1,
        null,
        null,
        null,
        1,
        1,
        1,
        1,
        1,
        1,
        null,
        null,
        null,
        1,
        1,
        1,
        1,
        1,
        null,
        null,
        1,
        1,
        1,
        1,
        null,
        null,
        null,
        null,
        null,
        null,
        null,
        null,
        null,
        null,
        null,
        null,
        null,
        null,
        null,
        null,
        null,
        null,
        null,
        null,
        null,
        null
      ],
      "/Users/hashimotohiroshi/Documents/program/bounenkai/app/controllers/events_controller.rb": [
        1,
        1,
        null,
        null,
        null,
        1,
        null,
        null,
        null,
        1,
        1,
        1,
        1,
        1,
        null,
        0,
        null,
        null,
        null,
        null,
        1,
        1,
        1,
        null,
        null,
        null,
        null,
        1,
        2,
        2,
        4,
        2,
        null,
        null,
        null,
        1,
        3,
        null,
        3,
        3,
        6,
        3,
        null,
        0,
        0,
        null,
        null,
        null,
        null,
        1,
        null,
        1,
        7,
        null,
        null,
        null,
        1,
        null,
        0,
        null,
        null,
        null,
        1,
        3,
        null,
        null
      ],
      "/Users/hashimotohiroshi/Documents/program/bounenkai/spec/controllers/member_steps_controller_spec.rb": [
        1,
        null,
        1,
        null,
        null
      ],
      "/Users/hashimotohiroshi/Documents/program/bounenkai/app/controllers/member_steps_controller.rb": [
        1,
        null
      ],
      "/Users/hashimotohiroshi/Documents/program/bounenkai/spec/controllers/members_controller_spec.rb": [
        1,
        null,
        null,
        null,
        null,
        null,
        null,
        null,
        null,
        null,
        null,
        null,
        null,
        null,
        null,
        null,
        null,
        null,
        null,
        null,
        1,
        1,
        14,
        null,
        null,
        null,
        null,
        null,
        12,
        null,
        null,
        null,
        null,
        15,
        null,
        1,
        1,
        1,
        1,
        null,
        null,
        null,
        1,
        1,
        1,
        1,
        1,
        null,
        null,
        null,
        1,
        1,
        1,
        1,
        1,
        null,
        null,
        null,
        1,
        1,
        1,
        1,
        null,
        null,
        1,
        1,
        null,
        1,
        null,
        null,
        null,
        1,
        1,
        null,
        1,
        1,
        1,
        null,
        null,
        1,
        null,
        1,
        1,
        1,
        null,
        null,
        null,
        null,
        1,
        1,
        1,
        1,
        null,
        null,
        null,
        null,
        1,
        1,
        null,
        null,
        1,
        1,
        1,
        1,
        null,
        null,
        1,
        1,
        1,
        null,
        1,
        null,
        null,
        null,
        1,
        1,
        1,
        null,
        1,
        1,
        1,
        null,
        null,
        1,
        1,
        null,
        1,
        1,
        1,
        null,
        null,
        null,
        null,
        1,
        1,
        1,
        1,
        1,
        null,
        null,
        null,
        1,
        1,
        1,
        null,
        1,
        null,
        null,
        null,
        null
      ],
      "/Users/hashimotohiroshi/Documents/program/bounenkai/app/controllers/members_controller.rb": [
        1,
        1,
        null,
        null,
        1,
        1,
        null,
        null,
        null,
        1,
        null,
        null,
        null,
        null,
        1,
        5,
        null,
        5,
        5,
        6,
        3,
        null,
        4,
        2,
        null,
        null,
        null,
        null,
        null,
        null,
        1,
        5,
        5,
        4,
        2,
        null,
        6,
        3,
        null,
        null,
        null,
        null,
        null,
        null,
        1,
        2,
        2,
        4,
        2,
        null,
        null,
        null,
        1,
        null,
        1,
        8,
        null,
        null,
        null,
        1,
        10,
        null,
        null
      ],
      "/Users/hashimotohiroshi/Documents/program/bounenkai/spec/controllers/top_controller_spec.rb": [
        1,
        null,
        1,
        null,
        null
      ],
      "/Users/hashimotohiroshi/Documents/program/bounenkai/app/controllers/top_controller.rb": [
        1,
        null
      ],
      "/Users/hashimotohiroshi/Documents/program/bounenkai/spec/helpers/event_steps_helper_spec.rb": [
        1,
        null,
        null,
        null,
        null,
        null,
        null,
        null,
        null,
        null,
        null,
        null,
        1,
        1,
        null
      ],
      "/Users/hashimotohiroshi/Documents/program/bounenkai/spec/helpers/events_helper_spec.rb": [
        1,
        null,
        null,
        null,
        null,
        null,
        null,
        null,
        null,
        null,
        null,
        null,
        1,
        1,
        null
      ],
      "/Users/hashimotohiroshi/Documents/program/bounenkai/spec/helpers/member_steps_helper_spec.rb": [
        1,
        null,
        null,
        null,
        null,
        null,
        null,
        null,
        null,
        null,
        null,
        null,
        1,
        1,
        null
      ],
      "/Users/hashimotohiroshi/Documents/program/bounenkai/spec/helpers/members_helper_spec.rb": [
        1,
        null,
        null,
        null,
        null,
        null,
        null,
        null,
        null,
        null,
        null,
        null,
        1,
        1,
        null
      ],
      "/Users/hashimotohiroshi/Documents/program/bounenkai/spec/helpers/top_helper_spec.rb": [
        1,
        null,
        null,
        null,
        null,
        null,
        null,
        null,
        null,
        null,
        null,
        null,
        1,
        1,
        null
      ],
      "/Users/hashimotohiroshi/Documents/program/bounenkai/spec/models/board_spec.rb": [
        1,
        null,
        1,
        1,
        null
      ],
      "/Users/hashimotohiroshi/Documents/program/bounenkai/app/models/board.rb": [
        1,
        null
      ],
      "/Users/hashimotohiroshi/Documents/program/bounenkai/spec/models/event_spec.rb": [
        1,
        null,
        1,
        1,
        null
      ],
      "/Users/hashimotohiroshi/Documents/program/bounenkai/app/models/event.rb": [
        1,
        1,
        1,
        null,
        null,
        1,
        null,
        null,
        null,
        null,
        1,
        null,
        null,
        null,
        null,
        null
      ],
      "/Users/hashimotohiroshi/Documents/program/bounenkai/spec/models/hope_date_spec.rb": [
        1,
        null,
        1,
        1,
        null
      ],
      "/Users/hashimotohiroshi/Documents/program/bounenkai/app/models/hope_date.rb": [
        1,
        null
      ],
      "/Users/hashimotohiroshi/Documents/program/bounenkai/spec/models/hope_place_spec.rb": [
        1,
        null,
        1,
        1,
        null
      ],
      "/Users/hashimotohiroshi/Documents/program/bounenkai/app/models/hope_place.rb": [
        1,
        null
      ],
      "/Users/hashimotohiroshi/Documents/program/bounenkai/spec/models/member_spec.rb": [
        1,
        null,
        1,
        1,
        null
      ],
      "/Users/hashimotohiroshi/Documents/program/bounenkai/app/models/member.rb": [
        1,
        null
      ],
      "/Users/hashimotohiroshi/Documents/program/bounenkai/spec/models/schedule_date_spec.rb": [
        1,
        null,
        1,
        1,
        null
      ],
      "/Users/hashimotohiroshi/Documents/program/bounenkai/app/models/schedule_date.rb": [
        1,
        null
      ],
      "/Users/hashimotohiroshi/Documents/program/bounenkai/spec/models/schedule_place_spec.rb": [
        1,
        null,
        1,
        1,
        null
      ],
      "/Users/hashimotohiroshi/Documents/program/bounenkai/app/models/schedule_place.rb": [
        1,
        null
      ],
      "/Users/hashimotohiroshi/Documents/program/bounenkai/spec/routing/events_routing_spec.rb": [
        1,
        null,
        1,
        1,
        null,
        1,
        1,
        null,
        null,
        1,
        1,
        null,
        null,
        1,
        1,
        null,
        null,
        1,
        1,
        null,
        null,
        1,
        1,
        null,
        null,
        null
      ],
      "/Users/hashimotohiroshi/Documents/program/bounenkai/spec/routing/members_routing_spec.rb": [
        1,
        null,
        1,
        1,
        null,
        1,
        1,
        null,
        null,
        1,
        1,
        null,
        null,
        1,
        1,
        null,
        null,
        1,
        1,
        null,
        null,
        1,
        1,
        null,
        null,
        null,
        null
      ]
    },
    "timestamp": 1395056619
  }
}
